Log file open, 06/27/17 16:13:58
LogInit:Display: Running engine for game: BananaCollector
LogPlatformFile: Not using cached read wrapper
LogInit:Display: RandInit(1671804572) SRandInit(1671804572).
LogTaskGraph: Started task graph with 5 named threads and 8 total threads with 1 sets of task threads.
LogStats: Stats thread started at 0.093520
LogInit: Using libcurl 7.47.1
LogInit:  - built for x86_64-pc-win32
LogInit:  - supports SSL with OpenSSL/1.0.2g
LogInit:  - supports HTTP deflate (compression) using libz 1.2.8
LogInit:  - other features:
LogInit:      CURL_VERSION_SSL
LogInit:      CURL_VERSION_LIBZ
LogInit:      CURL_VERSION_IPV6
LogInit:      CURL_VERSION_ASYNCHDNS
LogInit:      CURL_VERSION_LARGEFILE
LogInit:      CURL_VERSION_IDN
LogInit:  CurlRequestOptions (configurable via config and command line):
LogInit:  - bVerifyPeer = false  - Libcurl will NOT verify peer certificate
LogInit:  - bUseHttpProxy = false  - Libcurl will NOT use HTTP proxy
LogInit:  - bDontReuseConnections = false  - Libcurl will reuse connections
LogInit:  - CertBundlePath = nullptr  - Libcurl will use whatever was configured at build time.
LogInit: Build: ++UE4+Release-4.16-CL-3466753
LogInit: Engine Version: 4.16.1-3466753+++UE4+Release-4.16
LogInit: Compatible Engine Version: 4.16.0-3452394+++UE4+Release-4.16
LogInit: Net CL: 3452394
LogDevObjectVersion: Number of dev versions registered: 16
LogDevObjectVersion:   Dev-Blueprints (B0D832E4-1F89-4F0D-ACCF-7EB736FD4AA2): 9
LogDevObjectVersion:   Dev-Build (E1C64328-A22C-4D53-A36C-8E866417BD8C): 0
LogDevObjectVersion:   Dev-Core (375EC13C-06E4-48FB-B500-84F0262A717E): 2
LogDevObjectVersion:   Dev-Editor (E4B068ED-F494-42E9-A231-DA0B2E46BB41): 17
LogDevObjectVersion:   Dev-Framework (CFFC743F-43B0-4480-9391-14DF171D2073): 23
LogDevObjectVersion:   Dev-Mobile (B02B49B5-BB20-44E9-A304-32B752E40360): 0
LogDevObjectVersion:   Dev-Networking (A4E4105C-59A1-49B5-A7C5-40C4547EDFEE): 0
LogDevObjectVersion:   Dev-Online (39C831C9-5AE6-47DC-9A44-9C173E1C8E7C): 0
LogDevObjectVersion:   Dev-Physics (78F01B33-EBEA-4F98-B9B4-84EACCB95AA2): 0
LogDevObjectVersion:   Dev-Platform (6631380F-2D4D-43E0-8009-CF276956A95A): 0
LogDevObjectVersion:   Dev-Rendering (12F88B9F-8875-4AFC-A67C-D90C383ABD29): 15
LogDevObjectVersion:   Dev-Sequencer (7B5AE74C-D270-4C10-A958-57980B212A5A): 4
LogDevObjectVersion:   Dev-VR (D7296918-1DD6-4BDD-9DE2-64A83CC13884): 0
LogDevObjectVersion:   Dev-LoadTimes (C2A15278-BFE7-4AFE-6C17-90FF531DF755): 1
LogDevObjectVersion:   Private-Geometry (6EACA3D4-40EC-4CC1-B786-8BED09428FC5): 1
LogDevObjectVersion:   Dev-AnimPhys (29E575DD-E0A3-4627-9D10-D276232CDCEA): 3
LogInit: Compiled (64-bit): May 31 2017 02:03:30
LogInit: Compiled with Visual C++: 19.00.24215.01
LogInit: Build Configuration: Development
LogInit: Branch Name: ++UE4+Release-4.16
LogInit: Command line:  
LogInit: Base directory: C:/Program Files/Epic Games/UE_4.16/Engine/Binaries/Win64/
LogInit: Installed Engine Build: 1
LogInit: Presizing for max 8388607 objects, including 0 objects not considered by GC, pre-allocating 0 bytes for permanent pool.
LogInit: Object subsystem initialized
[2017.06.27-06.13.59:324][  0]LogInit: Selected Device Profile: [Windows]
[2017.06.27-06.13.59:324][  0]LogInit: Applying CVar settings loaded from the selected device profile: [Windows]
[2017.06.27-06.13.59:335][  0]LogInit: Computer: DESKTOP-IBGBMK1
[2017.06.27-06.13.59:335][  0]LogInit: User: tommy
[2017.06.27-06.13.59:335][  0]LogInit: CPU Page size=4096, Cores=4
[2017.06.27-06.13.59:335][  0]LogInit: High frequency timer resolution =2.437501 MHz
[2017.06.27-06.13.59:335][  0]LogMemory: Memory total: Physical=7.9GB (8GB approx)
[2017.06.27-06.13.59:335][  0]LogMemory: Platform Memory Stats for Windows
[2017.06.27-06.13.59:335][  0]LogMemory: Process Physical Memory: 273.54 MB used, 273.54 MB peak
[2017.06.27-06.13.59:335][  0]LogMemory: Process Virtual Memory: 266.59 MB used, 266.59 MB peak
[2017.06.27-06.13.59:335][  0]LogMemory: Physical Memory: 4163.16 MB used,  3892.55 MB free, 8055.70 MB total
[2017.06.27-06.13.59:335][  0]LogMemory: Virtual Memory: 643.25 MB used,  3892.55 MB free, 134217728.00 MB total
[2017.06.27-06.13.59:994][  0]LogInit: Using OS detected language (en-US).
[2017.06.27-06.13.59:994][  0]LogInit: Using OS detected locale (en-AU).
[2017.06.27-06.13.59:996][  0]LogTextLocalizationManager: No specific localization for 'en-US' exists, so the 'en' localization will be used.
[2017.06.27-06.14.00:914][  0]LogD3D11RHI: D3D11 adapters:
[2017.06.27-06.14.00:967][  0]LogD3D11RHI:    0. 'NVIDIA GeForce GTX 1050 Ti' (Feature Level 11_0)
[2017.06.27-06.14.00:967][  0]LogD3D11RHI:       2009/0/4027 MB DedicatedVideo/DedicatedSystem/SharedSystem, Outputs:1, VendorId:0x10de
[2017.06.27-06.14.00:973][  0]LogD3D11RHI:    1. 'Intel(R) HD Graphics 630' (Feature Level 11_0)
[2017.06.27-06.14.00:973][  0]LogD3D11RHI:       128/0/4027 MB DedicatedVideo/DedicatedSystem/SharedSystem, Outputs:0, VendorId:0x8086
[2017.06.27-06.14.00:974][  0]LogD3D11RHI:    2. 'Microsoft Basic Render Driver' (Feature Level 11_0)
[2017.06.27-06.14.00:974][  0]LogD3D11RHI:       0/0/4027 MB DedicatedVideo/DedicatedSystem/SharedSystem, Outputs:0, VendorId:0x1414
[2017.06.27-06.14.00:974][  0]LogD3D11RHI: Chosen D3D11 Adapter: 0
[2017.06.27-06.14.00:979][  0]LogD3D11RHI: Creating new Direct3DDevice
[2017.06.27-06.14.00:979][  0]LogD3D11RHI:     GPU DeviceId: 0x1c8c (for the marketing name, search the web for "GPU Device Id")
[2017.06.27-06.14.00:979][  0]LogWindows: EnumDisplayDevices:
[2017.06.27-06.14.00:979][  0]LogWindows:    0. 'Intel(R) HD Graphics 630' (P:1 D:1)
[2017.06.27-06.14.00:979][  0]LogWindows:    1. 'Intel(R) HD Graphics 630' (P:0 D:0)
[2017.06.27-06.14.00:980][  0]LogWindows:    2. 'Intel(R) HD Graphics 630' (P:0 D:0)
[2017.06.27-06.14.00:980][  0]LogWindows: DebugString: PrimaryIsNotTheChoosenAdapter PrimaryIsNotTheChoosenAdapter PrimaryIsNotTheChoosenAdapter FoundDriverCount:0 
[2017.06.27-06.14.00:980][  0]LogD3D11RHI:     Adapter Name: NVIDIA GeForce GTX 1050 Ti
[2017.06.27-06.14.00:980][  0]LogD3D11RHI:   Driver Version: Unknown (internal:Unknown, unified:Unknown)
[2017.06.27-06.14.00:980][  0]LogD3D11RHI:      Driver Date: Unknown
[2017.06.27-06.14.00:980][  0]LogRHI: Texture pool is 1361 MB (70% of 1945 MB)
[2017.06.27-06.14.01:010][  0]LogD3D11RHI: Async texture creation enabled
[2017.06.27-06.14.01:021][  0]LogD3D11RHI: GPU Timing Frequency: 1000.000000 (Debug: 2 1)
[2017.06.27-06.14.01:022][  0]LogShaderCompilers: Guid format shader working directory is -49 characters bigger than the processId version (../../../../../../Users/tommy/Desktop/Unreal Engine 4 Materials Tutorial/BananaCollectorStarter/Intermediate/Shaders/WorkingDirectory/3540/).
[2017.06.27-06.14.01:022][  0]LogShaderCompilers: Cleaned the shader compiler working directory 'C:/Users/tommy/AppData/Local/Temp/UnrealShaderWorkingDir/9A55C9C944D3C8C3B455DBA068C788AC/'.
[2017.06.27-06.14.01:022][  0]LogShaderCompilers:Display: Using Local Shader Compiler.
[2017.06.27-06.14.02:003][  0]LogTemp:Display: Loaded TP AllDesktopTargetPlatform
[2017.06.27-06.14.02:054][  0]LogTemp:Display: Loaded TP MacClientTargetPlatform
[2017.06.27-06.14.02:105][  0]LogTemp:Display: Loaded TP MacNoEditorTargetPlatform
[2017.06.27-06.14.02:154][  0]LogTemp:Display: Loaded TP MacServerTargetPlatform
[2017.06.27-06.14.02:207][  0]LogTemp:Display: Loaded TP MacTargetPlatform
[2017.06.27-06.14.02:256][  0]LogTemp:Display: Loaded TP WindowsClientTargetPlatform
[2017.06.27-06.14.02:305][  0]LogTemp:Display: Loaded TP WindowsNoEditorTargetPlatform
[2017.06.27-06.14.02:354][  0]LogTemp:Display: Loaded TP WindowsServerTargetPlatform
[2017.06.27-06.14.02:397][  0]LogTemp:Display: Loaded TP WindowsTargetPlatform
[2017.06.27-06.14.02:445][  0]LogTemp:Display: Loaded TP AndroidTargetPlatform
[2017.06.27-06.14.02:492][  0]LogTemp:Display: Loaded TP Android_ASTCTargetPlatform
[2017.06.27-06.14.02:540][  0]LogTemp:Display: Loaded TP Android_ATCTargetPlatform
[2017.06.27-06.14.02:587][  0]LogTemp:Display: Loaded TP Android_DXTTargetPlatform
[2017.06.27-06.14.02:635][  0]LogTemp:Display: Loaded TP Android_ETC1TargetPlatform
[2017.06.27-06.14.02:684][  0]LogTemp:Display: Loaded TP Android_ETC2TargetPlatform
[2017.06.27-06.14.02:780][  0]LogTemp:Display: Loaded TP Android_MultiTargetPlatform
[2017.06.27-06.14.02:780][  0]LogTemp:Display: Loaded TP Android_PVRTCTargetPlatform
[2017.06.27-06.14.02:818][  0]LogTemp:Display: Loaded TP HTML5TargetPlatform
[2017.06.27-06.14.02:909][  0]LogTemp:Display: Loaded TP IOSTargetPlatform
[2017.06.27-06.14.02:941][  0]LogTemp:Display: Loaded TP TVOSTargetPlatform
[2017.06.27-06.14.02:989][  0]LogTemp:Display: Loaded TP LinuxClientTargetPlatform
[2017.06.27-06.14.03:037][  0]LogTemp:Display: Loaded TP LinuxNoEditorTargetPlatform
[2017.06.27-06.14.03:086][  0]LogTemp:Display: Loaded TP LinuxServerTargetPlatform
[2017.06.27-06.14.03:134][  0]LogTemp:Display: Loaded TP LinuxTargetPlatform
[2017.06.27-06.14.03:134][  0]LogTargetPlatformManager:Display: Building Assets For Windows
[2017.06.27-06.14.03:624][  0]LogDerivedDataCache:Display: Max Cache Size: 512 MB
[2017.06.27-06.14.03:732][  0]LogDerivedDataCache: Loaded boot cache 0.11s 90MB C:/Users/tommy/AppData/Local/UnrealEngine/4.16/DerivedDataCache/Boot.ddc.
[2017.06.27-06.14.03:732][  0]LogDerivedDataCache:Display: Loaded Boot cache: C:/Users/tommy/AppData/Local/UnrealEngine/4.16/DerivedDataCache/Boot.ddc
[2017.06.27-06.14.03:732][  0]LogDerivedDataCache: FDerivedDataBackendGraph:  Pak pak cache file ../../../../../../Users/tommy/Desktop/Unreal Engine 4 Materials Tutorial/BananaCollectorStarter/DerivedDataCache/DDC.ddp not found, will not use a pak cache.
[2017.06.27-06.14.03:732][  0]LogDerivedDataCache: Unable to find inner node Pak for hierarchical cache Hierarchy.
[2017.06.27-06.14.03:732][  0]LogDerivedDataCache: FDerivedDataBackendGraph:  CompressedPak pak cache file ../../../../../../Users/tommy/Desktop/Unreal Engine 4 Materials Tutorial/BananaCollectorStarter/DerivedDataCache/Compressed.ddp not found, will not use a pak cache.
[2017.06.27-06.14.03:732][  0]LogDerivedDataCache: Unable to find inner node CompressedPak for hierarchical cache Hierarchy.
[2017.06.27-06.14.03:748][  0]LogDerivedDataCache:Display: Pak cache opened for reading ../../../Engine/DerivedDataCache/Compressed.ddp.
[2017.06.27-06.14.03:760][  0]LogDerivedDataCache: Using Local data cache path C:/Users/tommy/AppData/Local/UnrealEngine/Common/DerivedDataCache: Writable
[2017.06.27-06.14.03:770][  0]LogMaterial: Verifying Global Shaders for PCD3D_SM5
[2017.06.27-06.14.03:770][  0]LogSlate: Using Freetype 2.6.0
[2017.06.27-06.14.03:771][  0]LogSlate: SlateFontCache - WITH_FREETYPE: 1, WITH_HARFBUZZ: 1
[2017.06.27-06.14.03:771][  0]LogSlate: SlateFontCache - WITH_FREETYPE: 1, WITH_HARFBUZZ: 1
[2017.06.27-06.14.04:084][  0]LogInit: Selected Device Profile: [Windows]
[2017.06.27-06.14.04:166][  0]LogContentStreaming: Texture pool size is 0.00 MB
[2017.06.27-06.14.04:323][  0]LogMeshUtilities: Using QuadricMeshReduction for automatic static mesh reduction
[2017.06.27-06.14.04:365][  0]LogSimplygon: Simplygon DLL not present - disabling.
[2017.06.27-06.14.04:412][  0]LogMeshUtilities: Using SimplygonSwarm for distributed automatic mesh merging
[2017.06.27-06.14.04:412][  0]LogMeshUtilities: No automatic skeletal mesh reduction module available
[2017.06.27-06.14.04:412][  0]LogMeshUtilities: No automatic mesh merging module available
[2017.06.27-06.14.04:967][  0]LogNetVersion: BananaCollector , NetCL: 3452394, EngineNetVer: 2, GameNetVer: 0 (Checksum: 1324187939)
[2017.06.27-06.14.05:029][  0]LogAssetRegistry: FAssetRegistry took 0.0259 seconds to start up
[2017.06.27-06.14.05:086][  0]LogPackageLocalizationCache: Processed 4 localized package path(s) for 2 prioritized culture(s) in 0.033889 seconds
[2017.06.27-06.14.05:092][  0]LogUObjectArray: 34194 objects as part of root set at end of initial load.
[2017.06.27-06.14.05:092][  0]LogUObjectAllocator: 7260416 out of 0 bytes used by permanent object pool.
[2017.06.27-06.14.05:092][  0]LogUObjectArray: CloseDisregardForGC: 0/0 objects in disregard for GC pool
[2017.06.27-06.14.05:157][  0]LogInit: WinSock: version 1.1 (2.2), MaxSocks=32767, MaxUdp=65467
[2017.06.27-06.14.07:511][  0]LogTcpMessaging: Initializing TcpMessaging bridge
[2017.06.27-06.14.07:550][  0]LogUdpMessaging: Initializing bridge on interface 0.0.0.0:0 to multicast group 230.0.0.1:6666.
[2017.06.27-06.14.08:097][  0]LogMaterial: Uniform references updated for custom material expression Custom.
[2017.06.27-06.14.08:506][  0]SourceControl: Info Source control is disabled
[2017.06.27-06.14.08:507][  0]SourceControl: Info Source control is disabled
[2017.06.27-06.14.08:557][  0]SourceControl: Info Source control is disabled
[2017.06.27-06.14.08:603][  0]SourceControl: Info Source control is disabled
[2017.06.27-06.14.09:307][  0]LogAndroidPermission: UAndroidPermissionCallbackProxy::GetInstance
[2017.06.27-06.14.09:912][  0]LogEngine: Initializing Engine...
[2017.06.27-06.14.09:912][  0]LogHMD: Failed to initialize OpenVR with code 110
[2017.06.27-06.14.10:140][  0]LogStats: UGameplayTagsManager::ConstructGameplayTagTree: Construct from data asset -  0.000 s
[2017.06.27-06.14.10:140][  0]LogStats: UGameplayTagsManager::ConstructGameplayTagTree: GameplayTagTreeChangedEvent.Broadcast -  0.000 s
[2017.06.27-06.14.10:272][  0]LogAIModule: Creating AISystem for world Untitled
[2017.06.27-06.14.10:279][  0]LogInit: XAudio2 using 'Speakers / Headphones (Conexant SmartAudio HD)' : 2 channels at 48 kHz using 32 bits per sample (channel mask 0x3)
[2017.06.27-06.14.10:292][  0]LogInit: FAudioDevice initialized.
[2017.06.27-06.14.10:340][  0]LogDerivedDataCache: Saved boot cache 0.05s 90MB C:/Users/tommy/AppData/Local/UnrealEngine/4.16/DerivedDataCache/Boot.ddc.
[2017.06.27-06.14.10:357][  0]LogInit: Texture streaming: Enabled
[2017.06.27-06.14.10:456][  0]LogEngineSessionManager: EngineSessionManager initialized
[2017.06.27-06.14.10:673][  0]LogInit: Transaction tracking system initialized
[2017.06.27-06.14.11:008][  0]BlueprintLog: New page: Editor Load
[2017.06.27-06.14.11:938][  0]LocalizationService: Info Localization service is disabled
[2017.06.27-06.14.12:641][  0]LogConsoleResponse:Display: 
[2017.06.27-06.14.12:800][  0]LogCook:Display: Max memory allowance for cook 16384mb min free memory 0mb
[2017.06.27-06.14.12:800][  0]LogCook:Display: Mobile HDR setting 1
[2017.06.27-06.14.12:954][  0]LogFileCache: Scanning file cache for directory 'C:/Users/tommy/Desktop/Unreal Engine 4 Materials Tutorial/BananaCollectorStarter/Content/' took 0.01s
[2017.06.27-06.14.13:830][  0]SourceControl: Info Source control is disabled
[2017.06.27-06.14.13:830][  0]Cmd: MAP LOAD FILE="../../../../../../Users/tommy/Desktop/Unreal Engine 4 Materials Tutorial/BananaCollectorStarter/Content/BananaCollector/Maps/TutorialMap.umap" TEMPLATE=0 SHOWPROGRESS=1 FEATURELEVEL=3
[2017.06.27-06.14.13:830][  0]LogEditorServer:Warning: Can't find file '../../../../../../Users/tommy/Desktop/Unreal Engine 4 Materials Tutorial/BananaCollectorStarter/Content/BananaCollector/Maps/TutorialMap.umap'
[2017.06.27-06.14.13:830][  0]Cmd: MAP CHECKDEP NOCLEARLOG
[2017.06.27-06.14.13:871][  0]MapCheck: Info Map check complete: 0 Error(s), 0 Warning(s), took 40.179ms to complete.
[2017.06.27-06.14.13:871][  0]LogFileHelpers: Loading map 'TutorialMap' took 0.040
[2017.06.27-06.14.14:008][  0]LogCollectionManager: Loaded 0 collections in 0.001596 seconds
[2017.06.27-06.14.14:089][  0]LogFileCache: Scanning file cache for directory 'C:/Users/tommy/Desktop/Unreal Engine 4 Materials Tutorial/BananaCollectorStarter/Saved/Collections/' took 0.01s
[2017.06.27-06.14.14:089][  0]LogFileCache: Scanning file cache for directory 'C:/Users/tommy/Desktop/Unreal Engine 4 Materials Tutorial/BananaCollectorStarter/Content/Developers/tommy/Collections/' took 0.01s
[2017.06.27-06.14.14:089][  0]LogFileCache: Scanning file cache for directory 'C:/Users/tommy/Desktop/Unreal Engine 4 Materials Tutorial/BananaCollectorStarter/Content/Collections/' took 0.01s
[2017.06.27-06.14.14:089][  0]LogCollectionManager: Rebuilt the GUID cache for 0 collections in 0.000001 seconds
[2017.06.27-06.14.14:098][  0]LogContentBrowser: Native class hierarchy populated in 0.0082 seconds. Added 2329 classes and 491 folders.
[2017.06.27-06.14.14:161][  0]LogContentBrowser: Native class hierarchy updated for 'WidgetCarousel' in 0.0006 seconds. Added 0 classes and 0 folders.
[2017.06.27-06.14.14:200][  0]LogContentBrowser: Native class hierarchy updated for 'AddContentDialog' in 0.0005 seconds. Added 0 classes and 0 folders.
[2017.06.27-06.14.14:241][  0]LogContentBrowser: Native class hierarchy updated for 'SceneOutliner' in 0.0007 seconds. Added 1 classes and 2 folders.
[2017.06.27-06.14.14:312][  0]LogCrashTracker: Crashtracker disabled due to settings.
[2017.06.27-06.14.14:317][  0]LogSlate: Took 0.000219 seconds to synchronously load lazily loaded font '../../../Engine/Content/Slate/Fonts/Roboto-Regular.ttf' (155K)
[2017.06.27-06.14.14:319][  0]LogSlate: Took 0.000226 seconds to synchronously load lazily loaded font '../../../Engine/Content/Slate/Fonts/Roboto-Bold.ttf' (160K)
[2017.06.27-06.14.14:328][  0]LogSlate: Took 0.000357 seconds to synchronously load lazily loaded font '../../../Engine/Content/Editor/Slate/Fonts/FontAwesome.ttf' (139K)
[2017.06.27-06.14.14:465][  0]LogRenderer: Reallocating scene render targets to support 1120x628 NumSamples 1 (Frame:1).
[2017.06.27-06.14.14:619][  0]LogUObjectGlobals:Warning: Failed to find object 'Class None.'
[2017.06.27-06.14.14:687][  0]LogContentBrowser: Native class hierarchy updated for 'HierarchicalLODOutliner' in 0.0006 seconds. Added 1 classes and 2 folders.
[2017.06.27-06.14.14:687][  0]LogLoad: (Engine Initialization) Total time: 16.96 seconds
[2017.06.27-06.14.14:687][  0]LogLoad: (Engine Initialization) Total Blueprint compile time: 0.04 seconds
[2017.06.27-06.14.14:687][  0]LogExternalProfiler: No external profilers were discovered.  External profiling features will not be available.
[2017.06.27-06.14.14:706][  0]LogWindowsTextInputMethodSystem:Display: IME system now deactivated.
[2017.06.27-06.14.14:707][  0]LogOcInput: OculusInput pre-init called
[2017.06.27-06.14.14:707][  0]LogHMD: Starting GearVRController plugin
[2017.06.27-06.14.14:720][  0]LogAssetRegistry: Asset discovery search completed in 9.7125 seconds
[2017.06.27-06.14.14:721][  0]LogCollectionManager: Rebuilt the object cache for 0 collections in 0.000001 seconds (found 0 objects)
[2017.06.27-06.14.14:721][  0]LogCollectionManager: Fixed up redirectors for 0 collections in 0.000023 seconds (updated 0 objects)
[2017.06.27-06.14.14:724][  0]LogContentStreaming: Texture pool size now 1000 MB
[2017.06.27-06.14.14:763][  0]LogSlate: Took 0.000158 seconds to synchronously load lazily loaded font '../../../Engine/Content/Slate/Fonts/Roboto-Light.ttf' (159K)
[2017.06.27-06.14.18:758][233]LogSlate: Took 0.000147 seconds to synchronously load lazily loaded font '../../../Engine/Content/Slate/Fonts/Roboto-Light.ttf' (159K)
[2017.06.27-06.14.19:029][233]LogAIModule: Creating AISystem for world TutorialMap
[2017.06.27-06.14.19:059][233]Cmd: MAP LOAD FILE="../../../../../../Users/tommy/Desktop/Unreal Engine 4 Materials Tutorial/BananaCollectorStarter/Content/BananaQuest/Maps/TutorialMap.umap" TEMPLATE=0 SHOWPROGRESS=1 FEATURELEVEL=3
[2017.06.27-06.14.19:059][233]LightingResults: New page: Lighting Build
[2017.06.27-06.14.19:100][233]LogContentBrowser: Native class hierarchy updated for 'StatsViewer' in 0.0005 seconds. Added 5 classes and 0 folders.
[2017.06.27-06.14.19:101][233]LoadErrors: New page: Loading map: TutorialMap.umap
[2017.06.27-06.14.19:101][233]MapCheck: New page: Map Check
[2017.06.27-06.14.19:101][233]LightingResults: New page: Lighting Build
[2017.06.27-06.14.19:160][233]LogEditorServer: Finished looking for orphan Actors (0.000 secs)
[2017.06.27-06.14.19:197][233]Cmd: MAP CHECKDEP NOCLEARLOG
[2017.06.27-06.14.19:243][233]MapCheck: Info Map check complete: 0 Error(s), 0 Warning(s), took 46.262ms to complete.
[2017.06.27-06.14.19:244][233]LogFileHelpers: Loading map 'TutorialMap' took 0.186
[2017.06.27-06.14.24:406][481]LogSlate: Only BGRA pngs, bmps or icos are supported in by External Image Picker
[2017.06.27-06.14.24:451][483]LogTemp: Executing iPhonePackager certificates Engine -bundlename com.YourCompany.BananaCollector
[2017.06.27-06.14.24:451][483]LogTemp: CWD: C:\Program Files\Epic Games\UE_4.16\Engine\Binaries\DotNET\IOS
[2017.06.27-06.14.24:451][483]LogTemp: Initial Dir: C:\Program Files\Epic Games\UE_4.16
[2017.06.27-06.14.24:451][483]LogTemp: Env CWD: C:\Program Files\Epic Games\UE_4.16\Engine\Binaries\DotNET\IOS
[2017.06.27-06.14.24:451][483]LogTemp: BranchPath = DESKTOP-IBGBMK1/C/Program Files/Epic Games/UE_4.16/Engine/Binaries --- GameBranchPath = DESKTOP-IBGBMK1/C/Program Files/Epic Games/UE_4.16/Engine/Binaries
[2017.06.27-06.14.24:463][483]LogTemp: IPP ERROR: Could not find provision directory 'C:\Users\tommy\AppData\Local/Apple Computer/MobileDevice/Provisioning Profiles/'.
[2017.06.27-06.14.27:934][684]LogSlate: Took 0.000197 seconds to synchronously load lazily loaded font '../../../Engine/Content/Slate/Fonts/Roboto-Light.ttf' (159K)
[2017.06.27-06.14.37:475][247]LogMetaData: Removing '/Game/BananaCollector/Blueprints/BP_Banana.BP_Banana_C' ref from Metadata '/Game/BananaQuest/Blueprints/BP_Banana.PackageMetaData'
[2017.06.27-06.14.37:475][247]LogMetaData: Removing '/Game/BananaCollector/Blueprints/BP_Banana.BP_Banana_C:ExecuteUbergraph_BP_Banana' ref from Metadata '/Game/BananaQuest/Blueprints/BP_Banana.PackageMetaData'
[2017.06.27-06.14.37:475][247]LogMetaData: Removing '/Game/BananaCollector/Blueprints/BP_Banana.BP_Banana_C:UserConstructionScript' ref from Metadata '/Game/BananaQuest/Blueprints/BP_Banana.PackageMetaData'
[2017.06.27-06.14.37:475][247]LogMetaData: Removing '/Game/BananaCollector/Blueprints/BP_Banana.BP_Banana:EventGraph.K2Node_Event_2' ref from Metadata '/Game/BananaQuest/Blueprints/BP_Banana.PackageMetaData'
[2017.06.27-06.14.37:475][247]LogMetaData: Removing '/Game/BananaCollector/Blueprints/BP_Banana.BP_Banana:UserConstructionScript.K2Node_FunctionEntry_0' ref from Metadata '/Game/BananaQuest/Blueprints/BP_Banana.PackageMetaData'
[2017.06.27-06.14.37:475][247]LogMetaData: Removing '/Game/BananaCollector/Blueprints/BP_Banana.BP_Banana_C:ReceiveTick' ref from Metadata '/Game/BananaQuest/Blueprints/BP_Banana.PackageMetaData'
[2017.06.27-06.14.37:475][247]LogMetaData: Removing '/Game/BananaCollector/Blueprints/BP_Banana.BP_Banana_C:StaticMesh' ref from Metadata '/Game/BananaQuest/Blueprints/BP_Banana.PackageMetaData'
[2017.06.27-06.14.37:475][247]LogMetaData: Removing '/Game/BananaCollector/Blueprints/BP_Banana.BP_Banana_C:RotationSpeed' ref from Metadata '/Game/BananaQuest/Blueprints/BP_Banana.PackageMetaData'
[2017.06.27-06.14.37:475][247]LogMetaData: Removing '/Game/BananaCollector/Blueprints/BP_Banana.SKEL_BP_Banana_C:RotationSpeed' ref from Metadata '/Game/BananaQuest/Blueprints/BP_Banana.PackageMetaData'
[2017.06.27-06.14.37:475][247]LogMetaData: Removing '/Game/BananaCollector/Blueprints/BP_Banana.SKEL_BP_Banana_C:StaticMesh' ref from Metadata '/Game/BananaQuest/Blueprints/BP_Banana.PackageMetaData'
[2017.06.27-06.14.37:475][247]LogMetaData: Removing '/Game/BananaCollector/Blueprints/BP_Banana.SKEL_BP_Banana_C:ReceiveTick' ref from Metadata '/Game/BananaQuest/Blueprints/BP_Banana.PackageMetaData'
[2017.06.27-06.14.37:475][247]LogMetaData: Removing '/Game/BananaCollector/Blueprints/BP_Banana.SKEL_BP_Banana_C:UserConstructionScript' ref from Metadata '/Game/BananaQuest/Blueprints/BP_Banana.PackageMetaData'
[2017.06.27-06.14.37:475][247]LogMetaData: Removing '/Game/BananaCollector/Blueprints/BP_Banana.SKEL_BP_Banana_C:ExecuteUbergraph_BP_Banana' ref from Metadata '/Game/BananaQuest/Blueprints/BP_Banana.PackageMetaData'
[2017.06.27-06.14.37:475][247]LogMetaData: Removing '/Game/BananaCollector/Blueprints/BP_Banana.SKEL_BP_Banana_C' ref from Metadata '/Game/BananaQuest/Blueprints/BP_Banana.PackageMetaData'
[2017.06.27-06.14.37:488][247]LogMetaData: Removing '/Game/BananaCollector/Blueprints/BP_Player.BP_Player_C' ref from Metadata '/Game/BananaQuest/Blueprints/BP_Player.PackageMetaData'
[2017.06.27-06.14.37:488][247]LogMetaData: Removing '/Game/BananaCollector/Blueprints/BP_Player.BP_Player_C:InpAxisEvt_MoveForward_K2Node_InputAxisEvent_0' ref from Metadata '/Game/BananaQuest/Blueprints/BP_Player.PackageMetaData'
[2017.06.27-06.14.37:488][247]LogMetaData: Removing '/Game/BananaCollector/Blueprints/BP_Player.BP_Player:EventGraph.K2Node_Event_0' ref from Metadata '/Game/BananaQuest/Blueprints/BP_Player.PackageMetaData'
[2017.06.27-06.14.37:488][247]LogMetaData: Removing '/Game/BananaCollector/Blueprints/BP_Player.BP_Player:EventGraph.K2Node_Event_2' ref from Metadata '/Game/BananaQuest/Blueprints/BP_Player.PackageMetaData'
[2017.06.27-06.14.37:489][247]LogMetaData: Removing '/Game/BananaCollector/Blueprints/BP_Player.BP_Player:UserConstructionScript.K2Node_FunctionEntry_0' ref from Metadata '/Game/BananaQuest/Blueprints/BP_Player.PackageMetaData'
[2017.06.27-06.14.37:489][247]LogMetaData: Removing '/Game/BananaCollector/Blueprints/BP_Player.BP_Player_C:InpAxisEvt_MoveRight_K2Node_InputAxisEvent_2' ref from Metadata '/Game/BananaQuest/Blueprints/BP_Player.PackageMetaData'
[2017.06.27-06.14.37:489][247]LogMetaData: Removing '/Game/BananaCollector/Blueprints/BP_Player.BP_Player_C:BndEvt__StaticMesh_K2Node_ComponentBoundEvent_0_ComponentBeginOverlapSignature__DelegateSignature' ref from Metadata '/Game/BananaQuest/Blueprints/BP_Player.PackageMetaData'
[2017.06.27-06.14.37:489][247]LogMetaData: Removing '/Game/BananaCollector/Blueprints/BP_Player.BP_Player_C:ExecuteUbergraph_BP_Player' ref from Metadata '/Game/BananaQuest/Blueprints/BP_Player.PackageMetaData'
[2017.06.27-06.14.37:489][247]LogMetaData: Removing '/Game/BananaCollector/Blueprints/BP_Player.BP_Player_C:UserConstructionScript' ref from Metadata '/Game/BananaQuest/Blueprints/BP_Player.PackageMetaData'
[2017.06.27-06.14.37:489][247]LogMetaData: Removing '/Game/BananaCollector/Blueprints/BP_Player.BP_Player_C:ReceiveTick' ref from Metadata '/Game/BananaQuest/Blueprints/BP_Player.PackageMetaData'
[2017.06.27-06.14.37:489][247]LogMetaData: Removing '/Game/BananaCollector/Blueprints/BP_Player.BP_Player_C:ReceiveBeginPlay' ref from Metadata '/Game/BananaQuest/Blueprints/BP_Player.PackageMetaData'
[2017.06.27-06.14.37:489][247]LogMetaData: Removing '/Game/BananaCollector/Blueprints/BP_Player.BP_Player_C:StaticMesh' ref from Metadata '/Game/BananaQuest/Blueprints/BP_Player.PackageMetaData'
[2017.06.27-06.14.37:489][247]LogMetaData: Removing '/Game/BananaCollector/Blueprints/BP_Player.BP_Player_C:Camera' ref from Metadata '/Game/BananaQuest/Blueprints/BP_Player.PackageMetaData'
[2017.06.27-06.14.37:489][247]LogMetaData: Removing '/Game/BananaCollector/Blueprints/BP_Player.BP_Player_C:MaxSpeed' ref from Metadata '/Game/BananaQuest/Blueprints/BP_Player.PackageMetaData'
[2017.06.27-06.14.37:489][247]LogMetaData: Removing '/Game/BananaCollector/Blueprints/BP_Player.SKEL_BP_Player_C:MaxSpeed' ref from Metadata '/Game/BananaQuest/Blueprints/BP_Player.PackageMetaData'
[2017.06.27-06.14.37:489][247]LogMetaData: Removing '/Game/BananaCollector/Blueprints/BP_Player.SKEL_BP_Player_C:Camera' ref from Metadata '/Game/BananaQuest/Blueprints/BP_Player.PackageMetaData'
[2017.06.27-06.14.37:489][247]LogMetaData: Removing '/Game/BananaCollector/Blueprints/BP_Player.SKEL_BP_Player_C:StaticMesh' ref from Metadata '/Game/BananaQuest/Blueprints/BP_Player.PackageMetaData'
[2017.06.27-06.14.37:489][247]LogMetaData: Removing '/Game/BananaCollector/Blueprints/BP_Player.SKEL_BP_Player_C:ReceiveBeginPlay' ref from Metadata '/Game/BananaQuest/Blueprints/BP_Player.PackageMetaData'
[2017.06.27-06.14.37:489][247]LogMetaData: Removing '/Game/BananaCollector/Blueprints/BP_Player.SKEL_BP_Player_C:ReceiveTick' ref from Metadata '/Game/BananaQuest/Blueprints/BP_Player.PackageMetaData'
[2017.06.27-06.14.37:489][247]LogMetaData: Removing '/Game/BananaCollector/Blueprints/BP_Player.SKEL_BP_Player_C:UserConstructionScript' ref from Metadata '/Game/BananaQuest/Blueprints/BP_Player.PackageMetaData'
[2017.06.27-06.14.37:489][247]LogMetaData: Removing '/Game/BananaCollector/Blueprints/BP_Player.SKEL_BP_Player_C:ExecuteUbergraph_BP_Player' ref from Metadata '/Game/BananaQuest/Blueprints/BP_Player.PackageMetaData'
[2017.06.27-06.14.37:489][247]LogMetaData: Removing '/Game/BananaCollector/Blueprints/BP_Player.SKEL_BP_Player_C:BndEvt__StaticMesh_K2Node_ComponentBoundEvent_0_ComponentBeginOverlapSignature__DelegateSignature' ref from Metadata '/Game/BananaQuest/Blueprints/BP_Player.PackageMetaData'
[2017.06.27-06.14.37:489][247]LogMetaData: Removing '/Game/BananaCollector/Blueprints/BP_Player.SKEL_BP_Player_C:InpAxisEvt_MoveRight_K2Node_InputAxisEvent_2' ref from Metadata '/Game/BananaQuest/Blueprints/BP_Player.PackageMetaData'
[2017.06.27-06.14.37:489][247]LogMetaData: Removing '/Game/BananaCollector/Blueprints/BP_Player.SKEL_BP_Player_C:InpAxisEvt_MoveForward_K2Node_InputAxisEvent_0' ref from Metadata '/Game/BananaQuest/Blueprints/BP_Player.PackageMetaData'
[2017.06.27-06.14.37:489][247]LogMetaData: Removing '/Game/BananaCollector/Blueprints/BP_Player.SKEL_BP_Player_C' ref from Metadata '/Game/BananaQuest/Blueprints/BP_Player.PackageMetaData'
[2017.06.27-06.14.37:493][247]LogMetaData: Removing '/Game/BananaCollector/Blueprints/GM_Tutorial.GM_Tutorial_C' ref from Metadata '/Game/BananaQuest/Blueprints/GM_Tutorial.PackageMetaData'
[2017.06.27-06.14.37:493][247]LogMetaData: Removing '/Game/BananaCollector/Blueprints/GM_Tutorial.GM_Tutorial_C:DefaultSceneRoot' ref from Metadata '/Game/BananaQuest/Blueprints/GM_Tutorial.PackageMetaData'
[2017.06.27-06.14.37:493][247]LogMetaData: Removing '/Game/BananaCollector/Blueprints/GM_Tutorial.GM_Tutorial_C:UserConstructionScript' ref from Metadata '/Game/BananaQuest/Blueprints/GM_Tutorial.PackageMetaData'
[2017.06.27-06.14.37:493][247]LogMetaData: Removing '/Game/BananaCollector/Blueprints/GM_Tutorial.GM_Tutorial:EventGraph.K2Node_Event_0' ref from Metadata '/Game/BananaQuest/Blueprints/GM_Tutorial.PackageMetaData'
[2017.06.27-06.14.37:493][247]LogMetaData: Removing '/Game/BananaCollector/Blueprints/GM_Tutorial.GM_Tutorial:EventGraph.K2Node_Event_1' ref from Metadata '/Game/BananaQuest/Blueprints/GM_Tutorial.PackageMetaData'
[2017.06.27-06.14.37:493][247]LogMetaData: Removing '/Game/BananaCollector/Blueprints/GM_Tutorial.GM_Tutorial:UserConstructionScript.K2Node_FunctionEntry_0' ref from Metadata '/Game/BananaQuest/Blueprints/GM_Tutorial.PackageMetaData'
[2017.06.27-06.14.37:493][247]LogMetaData: Removing '/Game/BananaCollector/Blueprints/GM_Tutorial.SKEL_GM_Tutorial_C:DefaultSceneRoot' ref from Metadata '/Game/BananaQuest/Blueprints/GM_Tutorial.PackageMetaData'
[2017.06.27-06.14.37:493][247]LogMetaData: Removing '/Game/BananaCollector/Blueprints/GM_Tutorial.SKEL_GM_Tutorial_C:UserConstructionScript' ref from Metadata '/Game/BananaQuest/Blueprints/GM_Tutorial.PackageMetaData'
[2017.06.27-06.14.37:493][247]LogMetaData: Removing '/Game/BananaCollector/Blueprints/GM_Tutorial.SKEL_GM_Tutorial_C' ref from Metadata '/Game/BananaQuest/Blueprints/GM_Tutorial.PackageMetaData'
[2017.06.27-06.14.37:575][247]LogMetaData: Removing '/Game/BananaCollector/Maps/TutorialMap.TutorialMap_C' ref from Metadata '/Game/BananaQuest/Maps/TutorialMap./Game/BananaQuest/Maps/TutorialMap_BuiltData.PackageMetaData'
[2017.06.27-06.14.37:575][247]LogMetaData: Removing '/Game/BananaCollector/Maps/TutorialMap.SKEL_TutorialMap_C' ref from Metadata '/Game/BananaQuest/Maps/TutorialMap./Game/BananaQuest/Maps/TutorialMap_BuiltData.PackageMetaData'
[2017.06.27-06.14.37:639][247]LogSavePackage: Save=24.36ms
[2017.06.27-06.14.37:639][247]LogSavePackage: Moving '../../../../../../Users/tommy/Desktop/Unreal Engine 4 Materials Tutorial/BananaCollectorStarter/Saved/T_Banana_DF306F3A24A1829975EB619A8DD537E23.tmp' to '../../../../../../Users/tommy/Desktop/Unreal Engine 4 Materials Tutorial/BananaCollectorStarter/Content/BananaCollector/Textures/T_Banana_D.uasset'
[2017.06.27-06.14.37:641][247]LogSavePackage:Display: Finished SavePackage ../../../../../../Users/tommy/Desktop/Unreal Engine 4 Materials Tutorial/BananaCollectorStarter/Content/BananaCollector/Textures/T_Banana_D.uasset
[2017.06.27-06.14.37:726][247]LogSavePackage: Save=16.30ms
[2017.06.27-06.14.37:726][247]LogSavePackage: Moving '../../../../../../Users/tommy/Desktop/Unreal Engine 4 Materials Tutorial/BananaCollectorStarter/Saved/M_Banana98E25C3E45AAE1DA418B47BDBC241C54.tmp' to '../../../../../../Users/tommy/Desktop/Unreal Engine 4 Materials Tutorial/BananaCollectorStarter/Content/BananaCollector/Materials/M_Banana.uasset'
[2017.06.27-06.14.37:729][247]LogSavePackage:Display: Finished SavePackage ../../../../../../Users/tommy/Desktop/Unreal Engine 4 Materials Tutorial/BananaCollectorStarter/Content/BananaCollector/Materials/M_Banana.uasset
[2017.06.27-06.14.37:795][247]LogSavePackage: Save=14.04ms
[2017.06.27-06.14.37:795][247]LogSavePackage: Moving '../../../../../../Users/tommy/Desktop/Unreal Engine 4 Materials Tutorial/BananaCollectorStarter/Saved/SM_BananaFA2B3E0747589C077129F8A35542A706.tmp' to '../../../../../../Users/tommy/Desktop/Unreal Engine 4 Materials Tutorial/BananaCollectorStarter/Content/BananaCollector/Meshes/SM_Banana.uasset'
[2017.06.27-06.14.37:797][247]LogSavePackage:Display: Finished SavePackage ../../../../../../Users/tommy/Desktop/Unreal Engine 4 Materials Tutorial/BananaCollectorStarter/Content/BananaCollector/Meshes/SM_Banana.uasset
[2017.06.27-06.14.37:879][247]LogSavePackage: Save=25.09ms
[2017.06.27-06.14.37:879][247]LogSavePackage: Moving '../../../../../../Users/tommy/Desktop/Unreal Engine 4 Materials Tutorial/BananaCollectorStarter/Saved/BP_BananaD2B4479F491EAFB6DD0BE7BEF2EDA15C.tmp' to '../../../../../../Users/tommy/Desktop/Unreal Engine 4 Materials Tutorial/BananaCollectorStarter/Content/BananaCollector/Blueprints/BP_Banana.uasset'
[2017.06.27-06.14.37:881][247]LogSavePackage:Display: Finished SavePackage ../../../../../../Users/tommy/Desktop/Unreal Engine 4 Materials Tutorial/BananaCollectorStarter/Content/BananaCollector/Blueprints/BP_Banana.uasset
[2017.06.27-06.14.37:938][247]LogSavePackage: Save=15.76ms
[2017.06.27-06.14.37:938][247]LogSavePackage: Moving '../../../../../../Users/tommy/Desktop/Unreal Engine 4 Materials Tutorial/BananaCollectorStarter/Saved/M_CubeC23CA9E944389A68C69C9F934B7DF391.tmp' to '../../../../../../Users/tommy/Desktop/Unreal Engine 4 Materials Tutorial/BananaCollectorStarter/Content/BananaCollector/Materials/M_Cube.uasset'
[2017.06.27-06.14.37:941][247]LogSavePackage:Display: Finished SavePackage ../../../../../../Users/tommy/Desktop/Unreal Engine 4 Materials Tutorial/BananaCollectorStarter/Content/BananaCollector/Materials/M_Cube.uasset
[2017.06.27-06.14.37:991][247]LogSavePackage: Save=13.59ms
[2017.06.27-06.14.37:991][247]LogSavePackage: Moving '../../../../../../Users/tommy/Desktop/Unreal Engine 4 Materials Tutorial/BananaCollectorStarter/Saved/SM_CubeC5F478E043C39C391D6D60BDBCFDEBE9.tmp' to '../../../../../../Users/tommy/Desktop/Unreal Engine 4 Materials Tutorial/BananaCollectorStarter/Content/BananaCollector/Meshes/SM_Cube.uasset'
[2017.06.27-06.14.37:993][247]LogSavePackage:Display: Finished SavePackage ../../../../../../Users/tommy/Desktop/Unreal Engine 4 Materials Tutorial/BananaCollectorStarter/Content/BananaCollector/Meshes/SM_Cube.uasset
[2017.06.27-06.14.38:092][247]LogSavePackage: Save=47.26ms
[2017.06.27-06.14.38:092][247]LogSavePackage: Moving '../../../../../../Users/tommy/Desktop/Unreal Engine 4 Materials Tutorial/BananaCollectorStarter/Saved/BP_Player01DFB04A4945E9E31DB341AD763975E2.tmp' to '../../../../../../Users/tommy/Desktop/Unreal Engine 4 Materials Tutorial/BananaCollectorStarter/Content/BananaCollector/Blueprints/BP_Player.uasset'
[2017.06.27-06.14.38:094][247]LogSavePackage:Display: Finished SavePackage ../../../../../../Users/tommy/Desktop/Unreal Engine 4 Materials Tutorial/BananaCollectorStarter/Content/BananaCollector/Blueprints/BP_Player.uasset
[2017.06.27-06.14.38:112][247]LogSavePackage: Save=10.22ms
[2017.06.27-06.14.38:112][247]LogSavePackage: Moving '../../../../../../Users/tommy/Desktop/Unreal Engine 4 Materials Tutorial/BananaCollectorStarter/Saved/GM_Tutorial5DEA6DA24C3A77B84B36CB9D10663D2E.tmp' to '../../../../../../Users/tommy/Desktop/Unreal Engine 4 Materials Tutorial/BananaCollectorStarter/Content/BananaCollector/Blueprints/GM_Tutorial.uasset'
[2017.06.27-06.14.38:115][247]LogSavePackage:Display: Finished SavePackage ../../../../../../Users/tommy/Desktop/Unreal Engine 4 Materials Tutorial/BananaCollectorStarter/Content/BananaCollector/Blueprints/GM_Tutorial.uasset
[2017.06.27-06.14.38:170][247]LogSavePackage: Save=15.53ms
[2017.06.27-06.14.38:170][247]LogSavePackage: Moving '../../../../../../Users/tommy/Desktop/Unreal Engine 4 Materials Tutorial/BananaCollectorStarter/Saved/M_LevelF47397824481165724E62BABCC016CF8.tmp' to '../../../../../../Users/tommy/Desktop/Unreal Engine 4 Materials Tutorial/BananaCollectorStarter/Content/BananaCollector/Materials/M_Level.uasset'
[2017.06.27-06.14.38:172][247]LogSavePackage:Display: Finished SavePackage ../../../../../../Users/tommy/Desktop/Unreal Engine 4 Materials Tutorial/BananaCollectorStarter/Content/BananaCollector/Materials/M_Level.uasset
[2017.06.27-06.14.38:345][247]LogSavePackage: Save=114.54ms
[2017.06.27-06.14.38:345][247]LogSavePackage: Moving '../../../../../../Users/tommy/Desktop/Unreal Engine 4 Materials Tutorial/BananaCollectorStarter/Saved/TutorialMap34DF64FF4A70592A768CA58B9244259B.tmp' to '../../../../../../Users/tommy/Desktop/Unreal Engine 4 Materials Tutorial/BananaCollectorStarter/Content/BananaCollector/Maps/TutorialMap.umap'
[2017.06.27-06.14.38:347][247]LogSavePackage:Display: Finished SavePackage ../../../../../../Users/tommy/Desktop/Unreal Engine 4 Materials Tutorial/BananaCollectorStarter/Content/BananaCollector/Maps/TutorialMap.umap
[2017.06.27-06.14.38:376][247]LogFileHelpers: Saving map 'TutorialMap' took 0.202
[2017.06.27-06.14.38:387][247]LogSavePackage: Save=4.66ms
[2017.06.27-06.14.38:387][247]LogSavePackage: Moving '../../../../../../Users/tommy/Desktop/Unreal Engine 4 Materials Tutorial/BananaCollectorStarter/Saved/TutorialMap_BuiltData68F4C37243BF140FEE77C081928F2A8D.tmp' to '../../../../../../Users/tommy/Desktop/Unreal Engine 4 Materials Tutorial/BananaCollectorStarter/Content/BananaCollector/Maps/TutorialMap_BuiltData.uasset'
[2017.06.27-06.14.38:389][247]LogSavePackage:Display: Finished SavePackage ../../../../../../Users/tommy/Desktop/Unreal Engine 4 Materials Tutorial/BananaCollectorStarter/Content/BananaCollector/Maps/TutorialMap_BuiltData.uasset
[2017.06.27-06.14.42:879][471]LogSavePackage: Save=118.83ms
[2017.06.27-06.14.42:879][471]LogSavePackage: Moving '../../../../../../Users/tommy/Desktop/Unreal Engine 4 Materials Tutorial/BananaCollectorStarter/Saved/TutorialMap55840A34424E1493277D088A3EB8A733.tmp' to '../../../../../../Users/tommy/Desktop/Unreal Engine 4 Materials Tutorial/BananaCollectorStarter/Content/BananaCollector/Maps/TutorialMap.umap'
[2017.06.27-06.14.42:881][471]LogSavePackage:Display: Finished SavePackage ../../../../../../Users/tommy/Desktop/Unreal Engine 4 Materials Tutorial/BananaCollectorStarter/Content/BananaCollector/Maps/TutorialMap.umap
[2017.06.27-06.14.42:931][471]LogSavePackage: Save=4.75ms
[2017.06.27-06.14.42:931][471]LogSavePackage: Moving '../../../../../../Users/tommy/Desktop/Unreal Engine 4 Materials Tutorial/BananaCollectorStarter/Saved/TutorialMap_BuiltData5B2F151147FB5CB80EC22CBC1B9EDF39.tmp' to '../../../../../../Users/tommy/Desktop/Unreal Engine 4 Materials Tutorial/BananaCollectorStarter/Content/BananaCollector/Maps/TutorialMap_BuiltData.uasset'
[2017.06.27-06.14.42:932][471]LogSavePackage:Display: Finished SavePackage ../../../../../../Users/tommy/Desktop/Unreal Engine 4 Materials Tutorial/BananaCollectorStarter/Content/BananaCollector/Maps/TutorialMap_BuiltData.uasset
[2017.06.27-06.14.48:170][598]LogSavePackage: Save=5.54ms
[2017.06.27-06.14.48:170][598]LogSavePackage: Moving '../../../../../../Users/tommy/Desktop/Unreal Engine 4 Materials Tutorial/BananaCollectorStarter/Saved/TutorialMap1E3740AE40C590FB8FA850A2FCB111CF.tmp' to '../../../../../../Users/tommy/Desktop/Unreal Engine 4 Materials Tutorial/BananaCollectorStarter/Content/BananaQuest/Maps/TutorialMap.umap'
[2017.06.27-06.14.48:173][598]LogSavePackage:Display: Finished SavePackage ../../../../../../Users/tommy/Desktop/Unreal Engine 4 Materials Tutorial/BananaCollectorStarter/Content/BananaQuest/Maps/TutorialMap.umap
[2017.06.27-06.14.48:266][598]LogWindowsTextInputMethodSystem:Display: IME system now deactivated.
[2017.06.27-06.14.48:477][599]Cmd: QUIT_EDITOR
[2017.06.27-06.14.48:502][599]LogExit: Preparing to exit.
[2017.06.27-06.14.49:722][599]LogDirectoryWatcher: A directory notification for 'C:/Users/tommy/Desktop/Unreal Engine 4 Materials Tutorial/BananaCollectorStarter/Content/' was aborted.
[2017.06.27-06.14.49:735][599]LogExit: Editor shut down
[2017.06.27-06.14.49:740][599]LogExit: Transaction tracking system shut down
[2017.06.27-06.14.49:796][599]LogObj: Freed 0b from 0 cluster array pools.
[2017.06.27-06.14.49:796][599]LogExit: Object subsystem successfully closed.
[2017.06.27-06.14.49:817][599]LogD3D11RHI: Shutdown
[2017.06.27-06.14.49:817][599]LogD3D11RHI: CleanupD3DDevice
[2017.06.27-06.14.49:900][599]LogD3D11RHI: ~FD3D11DynamicRHI
[2017.06.27-06.14.49:913][599]LogModuleManager: Shutting down and abandoning module ExternalImagePicker (526)
[2017.06.27-06.14.49:913][599]LogModuleManager: Shutting down and abandoning module StatsViewer (524)
[2017.06.27-06.14.49:913][599]LogModuleManager: Shutting down and abandoning module HierarchicalLODOutliner (522)
[2017.06.27-06.14.49:913][599]LogModuleManager: Shutting down and abandoning module CrashTracker (520)
[2017.06.27-06.14.49:913][599]LogModuleManager: Shutting down and abandoning module SceneOutliner (518)
[2017.06.27-06.14.49:913][599]LogModuleManager: Shutting down and abandoning module AddContentDialog (516)
[2017.06.27-06.14.49:913][599]LogDirectoryWatcher: A directory notification for 'C:/Program Files/Epic Games/UE_4.16/FeaturePacks/' was aborted.
[2017.06.27-06.14.49:914][599]LogModuleManager: Shutting down and abandoning module WidgetCarousel (515)
[2017.06.27-06.14.49:914][599]LogModuleManager: Shutting down and abandoning module EditorWidgets (512)
[2017.06.27-06.14.49:914][599]LogModuleManager: Shutting down and abandoning module CollectionManager (510)
[2017.06.27-06.14.49:914][599]LogDirectoryWatcher: A directory notification for 'C:/Users/tommy/Desktop/Unreal Engine 4 Materials Tutorial/BananaCollectorStarter/Content/Collections/' was aborted.
[2017.06.27-06.14.49:914][599]LogDirectoryWatcher: A directory notification for 'C:/Users/tommy/Desktop/Unreal Engine 4 Materials Tutorial/BananaCollectorStarter/Content/Developers/tommy/Collections/' was aborted.
[2017.06.27-06.14.49:914][599]LogDirectoryWatcher: A directory notification for 'C:/Users/tommy/Desktop/Unreal Engine 4 Materials Tutorial/BananaCollectorStarter/Saved/Collections/' was aborted.
[2017.06.27-06.14.49:914][599]LogModuleManager: Shutting down and abandoning module FoliageEdit (508)
[2017.06.27-06.14.49:914][599]LogModuleManager: Shutting down and abandoning module LandscapeEditor (506)
[2017.06.27-06.14.49:914][599]LogModuleManager: Shutting down and abandoning module MeshPaintMode (504)
[2017.06.27-06.14.49:914][599]LogModuleManager: Shutting down and abandoning module SceneDepthPickerMode (502)
[2017.06.27-06.14.49:914][599]LogModuleManager: Shutting down and abandoning module ActorPickerMode (500)
[2017.06.27-06.14.49:914][599]LogModuleManager: Shutting down and abandoning module GeometryMode (498)
[2017.06.27-06.14.49:914][599]LogModuleManager: Shutting down and abandoning module TextureAlignMode (496)
[2017.06.27-06.14.49:914][599]LogModuleManager: Shutting down and abandoning module BspMode (494)
[2017.06.27-06.14.49:914][599]LogModuleManager: Shutting down and abandoning module HardwareSurvey (492)
[2017.06.27-06.14.49:914][599]LogModuleManager: Shutting down and abandoning module SequenceRecorderSections (490)
[2017.06.27-06.14.49:914][599]LogModuleManager: Shutting down and abandoning module AutomationWorker (488)
[2017.06.27-06.14.49:914][599]LogModuleManager: Shutting down and abandoning module MatineeToLevelSequence (486)
[2017.06.27-06.14.49:914][599]LogModuleManager: Shutting down and abandoning module LevelSequenceEditor (484)
[2017.06.27-06.14.49:914][599]LogModuleManager: Shutting down and abandoning module PlacementMode (483)
[2017.06.27-06.14.49:914][599]LogModuleManager: Shutting down and abandoning module WmfMediaFactory (480)
[2017.06.27-06.14.49:914][599]LogModuleManager: Shutting down and abandoning module WmfMediaEditor (478)
[2017.06.27-06.14.49:914][599]LogModuleManager: Shutting down and abandoning module AvfMediaFactory (476)
[2017.06.27-06.14.49:914][599]LogModuleManager: Shutting down and abandoning module AvfMediaEditor (474)
[2017.06.27-06.14.49:914][599]LogModuleManager: Shutting down and abandoning module AndroidMediaFactory (472)
[2017.06.27-06.14.49:914][599]LogModuleManager: Shutting down and abandoning module Media (471)
[2017.06.27-06.14.49:914][599]LogModuleManager: Shutting down and abandoning module AndroidMediaEditor (468)
[2017.06.27-06.14.49:914][599]LogModuleManager: Shutting down and abandoning module CharacterAI (466)
[2017.06.27-06.14.49:914][599]LogModuleManager: Shutting down and abandoning module AudioCapture (464)
[2017.06.27-06.14.49:914][599]LogModuleManager: Shutting down and abandoning module SequenceRecorder (463)
[2017.06.27-06.14.49:914][599]LogModuleManager: Shutting down and abandoning module SmartSnapping (460)
[2017.06.27-06.14.49:914][599]LogModuleManager: Shutting down and abandoning module SessionServices (458)
[2017.06.27-06.14.49:914][599]LogModuleManager: Shutting down and abandoning module ViewportSnapping (456)
[2017.06.27-06.14.49:914][599]LogModuleManager: Shutting down and abandoning module ViewportInteraction (454)
[2017.06.27-06.14.49:914][599]LogModuleManager: Shutting down and abandoning module ClothPainter (452)
[2017.06.27-06.14.49:914][599]LogModuleManager: Shutting down and abandoning module LogVisualizer (450)
[2017.06.27-06.14.49:914][599]LogModuleManager: Shutting down and abandoning module IntroTutorials (448)
[2017.06.27-06.14.49:915][599]LogModuleManager: Shutting down and abandoning module GameProjectGeneration (447)
[2017.06.27-06.14.49:915][599]LogModuleManager: Shutting down and abandoning module EditorLiveStreaming (444)
[2017.06.27-06.14.49:915][599]LogModuleManager: Shutting down and abandoning module IOSPlatformEditor (442)
[2017.06.27-06.14.49:915][599]LogModuleManager: Shutting down and abandoning module HTML5PlatformEditor (440)
[2017.06.27-06.14.49:915][599]LogModuleManager: Shutting down and abandoning module AndroidPlatformEditor (438)
[2017.06.27-06.14.49:915][599]LogModuleManager: Shutting down and abandoning module AndroidDeviceDetection (437)
[2017.06.27-06.14.50:288][599]LogModuleManager: Shutting down and abandoning module IOSRuntimeSettings (434)
[2017.06.27-06.14.50:288][599]LogModuleManager: Shutting down and abandoning module AndroidRuntimeSettings (432)
[2017.06.27-06.14.50:288][599]LogModuleManager: Shutting down and abandoning module InputBindingEditor (430)
[2017.06.27-06.14.50:289][599]LogModuleManager: Shutting down and abandoning module MergeActors (428)
[2017.06.27-06.14.50:289][599]LogModuleManager: Shutting down and abandoning module SizeMap (426)
[2017.06.27-06.14.50:289][599]LogModuleManager: Shutting down and abandoning module TreeMap (424)
[2017.06.27-06.14.50:289][599]LogModuleManager: Shutting down and abandoning module ReferenceViewer (422)
[2017.06.27-06.14.50:289][599]LogModuleManager: Shutting down and abandoning module LocalizationDashboard (420)
[2017.06.27-06.14.50:289][599]LogModuleManager: Shutting down and abandoning module LocalizationService (419)
[2017.06.27-06.14.50:289][599]LogModuleManager: Shutting down and abandoning module HardwareTargeting (416)
[2017.06.27-06.14.50:289][599]LogModuleManager: Shutting down and abandoning module DeviceProfileEditor (414)
[2017.06.27-06.14.50:289][599]LogModuleManager: Shutting down and abandoning module UndoHistory (412)
[2017.06.27-06.14.50:289][599]LogModuleManager: Shutting down and abandoning module UserFeedback (410)
[2017.06.27-06.14.50:289][599]LogModuleManager: Shutting down and abandoning module XmlParser (408)
[2017.06.27-06.14.50:289][599]LogModuleManager: Shutting down and abandoning module Blutility (406)
[2017.06.27-06.14.50:289][599]LogModuleManager: Shutting down and abandoning module ProjectSettingsViewer (404)
[2017.06.27-06.14.50:289][599]LogModuleManager: Shutting down and abandoning module ProjectTargetPlatformEditor (403)
[2017.06.27-06.14.50:289][599]LogModuleManager: Shutting down and abandoning module EditorSettingsViewer (400)
[2017.06.27-06.14.50:289][599]LogModuleManager: Shutting down and abandoning module SettingsEditor (398)
[2017.06.27-06.14.50:290][599]LogModuleManager: Shutting down and abandoning module ProjectLauncher (396)
[2017.06.27-06.14.50:290][599]LogModuleManager: Shutting down and abandoning module SessionFrontend (394)
[2017.06.27-06.14.50:290][599]LogModuleManager: Shutting down and abandoning module ProfilerClient (392)
[2017.06.27-06.14.50:290][599]LogModuleManager: Shutting down and abandoning module DeviceManager (390)
[2017.06.27-06.14.50:290][599]LogModuleManager: Shutting down and abandoning module TargetDeviceServices (389)
[2017.06.27-06.14.50:342][599]LogModuleManager: Shutting down and abandoning module AutomationController (386)
[2017.06.27-06.14.50:342][599]LogModuleManager: Shutting down and abandoning module AutomationWindow (384)
[2017.06.27-06.14.50:342][599]LogModuleManager: Shutting down and abandoning module Layers (382)
[2017.06.27-06.14.50:342][599]LogModuleManager: Shutting down and abandoning module ComponentVisualizers (380)
[2017.06.27-06.14.50:342][599]LogModuleManager: Shutting down and abandoning module DetailCustomizations (378)
[2017.06.27-06.14.50:342][599]LogModuleManager: Shutting down and abandoning module PackagesDialog (376)
[2017.06.27-06.14.50:343][599]LogModuleManager: Shutting down and abandoning module Persona (374)
[2017.06.27-06.14.50:343][599]LogModuleManager: Shutting down and abandoning module AdvancedPreviewScene (373)
[2017.06.27-06.14.50:343][599]LogModuleManager: Shutting down and abandoning module AnimGraph (371)
[2017.06.27-06.14.50:343][599]LogModuleManager: Shutting down and abandoning module Kismet (368)
[2017.06.27-06.14.50:344][599]LogModuleManager: Shutting down and abandoning module ClassViewer (366)
[2017.06.27-06.14.50:344][599]LogModuleManager: Shutting down and abandoning module Toolbox (364)
[2017.06.27-06.14.50:344][599]LogModuleManager: Shutting down and abandoning module ModuleUI (362)
[2017.06.27-06.14.50:344][599]LogModuleManager: Shutting down and abandoning module MovieSceneTools (360)
[2017.06.27-06.14.50:344][599]LogModuleManager: Shutting down and abandoning module OutputLog (358)
[2017.06.27-06.14.50:344][599]LogModuleManager: Shutting down and abandoning module GammaUI (356)
[2017.06.27-06.14.50:344][599]LogModuleManager: Shutting down and abandoning module Documentation (354)
[2017.06.27-06.14.50:344][599]LogModuleManager: Shutting down and abandoning module MovieSceneTracks (352)
[2017.06.27-06.14.50:345][599]LogModuleManager: Shutting down and abandoning module MovieScene (350)
[2017.06.27-06.14.50:345][599]LogModuleManager: Shutting down and abandoning module Niagara (348)
[2017.06.27-06.14.50:345][599]LogModuleManager: Shutting down and abandoning module NiagaraEditor (347)
[2017.06.27-06.14.50:345][599]LogModuleManager: Shutting down and abandoning module StreamingPauseRendering (344)
[2017.06.27-06.14.50:345][599]LogModuleManager: Shutting down and abandoning module AnalyticsET (342)
[2017.06.27-06.14.50:345][599]LogModuleManager: Shutting down and abandoning module PortalServices (340)
[2017.06.27-06.14.50:345][599]LogModuleManager: Shutting down and abandoning module PortalRpc (338)
[2017.06.27-06.14.50:345][599]LogModuleManager: Shutting down and abandoning module MessagingRpc (336)
[2017.06.27-06.14.50:345][599]LogModuleManager: Shutting down and abandoning module AIModule (334)
[2017.06.27-06.14.50:345][599]LogModuleManager: Shutting down and abandoning module GameplayDebugger (333)
[2017.06.27-06.14.50:345][599]LogModuleManager: Shutting down and abandoning module AITestSuite (331)
[2017.06.27-06.14.50:345][599]LogModuleManager: Shutting down and abandoning module ProfilerService (328)
[2017.06.27-06.14.50:413][599]LogModuleManager: Shutting down and abandoning module TaskGraph (326)
[2017.06.27-06.14.50:413][599]LogModuleManager: Shutting down and abandoning module SteamVRController (324)
[2017.06.27-06.14.50:413][599]LogModuleManager: Shutting down and abandoning module SteamVR (322)
[2017.06.27-06.14.50:413][599]LogModuleManager: Shutting down and abandoning module ProceduralMeshComponentEditor (320)
[2017.06.27-06.14.50:413][599]LogModuleManager: Shutting down and abandoning module ProceduralMeshComponent (318)
[2017.06.27-06.14.50:413][599]LogModuleManager: Shutting down and abandoning module OculusLibrary (316)
[2017.06.27-06.14.50:413][599]LogModuleManager: Shutting down and abandoning module OculusInput (314)
[2017.06.27-06.14.50:413][599]LogModuleManager: Shutting down and abandoning module MobilePatchingUtils (312)
[2017.06.27-06.14.50:413][599]LogModuleManager: Shutting down and abandoning module CustomMeshComponent (310)
[2017.06.27-06.14.50:413][599]LogModuleManager: Shutting down and abandoning module CableComponent (308)
[2017.06.27-06.14.50:413][599]LogModuleManager: Shutting down and abandoning module ArchVisCharacter (306)
[2017.06.27-06.14.50:413][599]LogModuleManager: Shutting down and abandoning module AndroidPermission (304)
[2017.06.27-06.14.50:413][599]LogModuleManager: Shutting down and abandoning module MediaPlayerEditor (300)
[2017.06.27-06.14.50:413][599]LogModuleManager: Shutting down and abandoning module HTML5Networking (298)
[2017.06.27-06.14.50:413][599]LogModuleManager: Shutting down and abandoning module AlembicImporter (296)
[2017.06.27-06.14.50:413][599]LogModuleManager: Shutting down and abandoning module AlembicLibrary (295)
[2017.06.27-06.14.50:413][599]LogModuleManager: Shutting down and abandoning module GeometryCache (294)
[2017.06.27-06.14.50:413][599]LogModuleManager: Shutting down and abandoning module GeometryCacheEd (293)
[2017.06.27-06.14.50:413][599]LogModuleManager: Shutting down and abandoning module SuperSearchEditor (288)
[2017.06.27-06.14.50:413][599]LogModuleManager: Shutting down and abandoning module SuperSearch (287)
[2017.06.27-06.14.50:413][599]LogModuleManager: Shutting down and abandoning module SpeedTreeImporter (284)
[2017.06.27-06.14.50:413][599]LogModuleManager: Shutting down and abandoning module PluginBrowser (282)
[2017.06.27-06.14.50:413][599]LogModuleManager: Shutting down and abandoning module MobileLauncherProfileWizard (280)
[2017.06.27-06.14.50:414][599]LogModuleManager: Shutting down and abandoning module VisualStudioSourceCodeAccess (278)
[2017.06.27-06.14.50:414][599]LogModuleManager: Shutting down and abandoning module DesktopPlatform (277)
[2017.06.27-06.14.50:414][599]LogModuleManager: Shutting down and abandoning module UObjectPlugin (274)
[2017.06.27-06.14.50:414][599]LogModuleManager: Shutting down and abandoning module SubversionSourceControl (272)
[2017.06.27-06.14.50:414][599]LogModuleManager: Shutting down and abandoning module PerforceSourceControl (270)
[2017.06.27-06.14.50:414][599]LogModuleManager: Shutting down and abandoning module GitSourceControl (268)
[2017.06.27-06.14.50:414][599]LogModuleManager: Shutting down and abandoning module SourceControl (267)
[2017.06.27-06.14.50:414][599]LogModuleManager: Shutting down and abandoning module LightPropagationVolumeEditor (264)
[2017.06.27-06.14.50:414][599]LogModuleManager: Shutting down and abandoning module PaperTiledImporter (262)
[2017.06.27-06.14.50:414][599]LogModuleManager: Shutting down and abandoning module PaperSpriteSheetImporter (260)
[2017.06.27-06.14.50:414][599]LogModuleManager: Shutting down and abandoning module Paper2DEditor (258)
[2017.06.27-06.14.50:414][599]LogModuleManager: Shutting down and abandoning module MeshPaint (257)
[2017.06.27-06.14.50:414][599]LogModuleManager: Shutting down and abandoning module LevelEditor (255)
[2017.06.27-06.14.50:416][599]LogModuleManager: Shutting down and abandoning module PixelInspectorModule (254)
[2017.06.27-06.14.50:416][599]LogModuleManager: Shutting down and abandoning module MainFrame (252)
[2017.06.27-06.14.50:416][599]LogModuleManager: Shutting down and abandoning module HotReload (251)
[2017.06.27-06.14.50:417][599]LogModuleManager: Shutting down and abandoning module PhysXVehiclesEditor (246)
[2017.06.27-06.14.50:417][599]LogModuleManager: Shutting down and abandoning module PhysXVehicles (244)
[2017.06.27-06.14.50:417][599]LogModuleManager: Shutting down and abandoning module LocationServicesBPLibrary (242)
[2017.06.27-06.14.50:417][599]LogModuleManager: Shutting down and abandoning module ImmediatePhysicsEditor (240)
[2017.06.27-06.14.50:417][599]LogModuleManager: Shutting down and abandoning module ImmediatePhysics (238)
[2017.06.27-06.14.50:417][599]LogModuleManager: Shutting down and abandoning module UdpMessaging (236)
[2017.06.27-06.14.50:518][599]LogModuleManager: Shutting down and abandoning module TcpMessaging (234)
[2017.06.27-06.14.50:619][599]LogModuleManager: Shutting down and abandoning module GameplayTagsEditor (232)
[2017.06.27-06.14.50:619][599]LogModuleManager: Shutting down and abandoning module FacialAnimationEditor (230)
[2017.06.27-06.14.50:619][599]LogModuleManager: Shutting down and abandoning module FacialAnimation (228)
[2017.06.27-06.14.50:619][599]LogModuleManager: Shutting down and abandoning module AssetManagerEditor (226)
[2017.06.27-06.14.50:619][599]LogModuleManager: Shutting down and abandoning module GraphEditor (225)
[2017.06.27-06.14.50:619][599]LogModuleManager: Shutting down and abandoning module ContentBrowser (223)
[2017.06.27-06.14.50:621][599]LogModuleManager: Shutting down and abandoning module LightPropagationVolumeRuntime (220)
[2017.06.27-06.14.50:621][599]LogModuleManager: Shutting down and abandoning module Paper2D (218)
[2017.06.27-06.14.50:621][599]LogModuleManager: Shutting down and abandoning module WindowsMoviePlayer (216)
[2017.06.27-06.14.50:622][599]LogModuleManager: Shutting down and abandoning module WmfMedia (214)
[2017.06.27-06.14.50:622][599]LogModuleManager: Shutting down and abandoning module ClothingSystemEditor (212)
[2017.06.27-06.14.50:622][599]LogModuleManager: Shutting down and abandoning module ClothingSystemRuntime (210)
[2017.06.27-06.14.50:622][599]LogModuleManager: Shutting down and abandoning module MediaAssets (208)
[2017.06.27-06.14.50:622][599]LogModuleManager: Shutting down and abandoning module GameLiveStreaming (206)
[2017.06.27-06.14.50:622][599]LogModuleManager: Shutting down and abandoning module VREditor (204)
[2017.06.27-06.14.50:622][599]LogModuleManager: Shutting down and abandoning module StringTableEditor (202)
[2017.06.27-06.14.50:622][599]LogModuleManager: Shutting down and abandoning module GameplayTasksEditor (200)
[2017.06.27-06.14.50:622][599]LogModuleManager: Shutting down and abandoning module BehaviorTreeEditor (198)
[2017.06.27-06.14.50:623][599]LogModuleManager: Shutting down and abandoning module FunctionalTesting (196)
[2017.06.27-06.14.50:623][599]LogModuleManager: Shutting down and abandoning module CollisionAnalyzer (194)
[2017.06.27-06.14.50:623][599]LogModuleManager: Shutting down and abandoning module UMG (192)
[2017.06.27-06.14.50:623][599]LogModuleManager: Shutting down and abandoning module UMGEditor (191)
[2017.06.27-06.14.50:623][599]LogModuleManager: Shutting down and abandoning module Sequencer (190)
[2017.06.27-06.14.50:623][599]LogModuleManager: Shutting down and abandoning module AssetTools (188)
[2017.06.27-06.14.50:623][599]LogModuleManager: Shutting down and abandoning module MessageLog (187)
[2017.06.27-06.14.50:623][599]LogModuleManager: Shutting down and abandoning module WorkspaceMenuStructure (186)
[2017.06.27-06.14.50:623][599]LogModuleManager: Shutting down and abandoning module SlateReflector (180)
[2017.06.27-06.14.50:623][599]LogModuleManager: Shutting down and abandoning module Slate (178)
[2017.06.27-06.14.50:624][599]LogModuleManager: Shutting down and abandoning module EditorStyle (176)
[2017.06.27-06.14.50:631][599]LogModuleManager: Shutting down and abandoning module SourceCodeAccess (174)
[2017.06.27-06.14.50:631][599]LogModuleManager: Shutting down and abandoning module HeadMountedDisplay (172)
[2017.06.27-06.14.50:631][599]LogModuleManager: Shutting down and abandoning module XAudio2 (170)
[2017.06.27-06.14.50:631][599]LogModuleManager: Shutting down and abandoning module Networking (168)
[2017.06.27-06.14.50:631][599]LogModuleManager: Shutting down and abandoning module Core (164)
[2017.06.27-06.14.50:631][599]LogModuleManager: Shutting down and abandoning module AssetRegistry (162)
[2017.06.27-06.14.50:864][599]LogDirectoryWatcher: A directory notification for '../../../Engine/Content/' was aborted.
[2017.06.27-06.14.50:864][599]LogDirectoryWatcher: A directory notification for '../../../../../../Users/tommy/Desktop/Unreal Engine 4 Materials Tutorial/BananaCollectorStarter/Content/' was aborted.
[2017.06.27-06.14.50:864][599]LogDirectoryWatcher: A directory notification for '../../../Engine/Plugins/2D/Paper2D/Content/' was aborted.
[2017.06.27-06.14.50:864][599]LogDirectoryWatcher: A directory notification for '../../../Engine/Plugins/Runtime/GearVR/Content/' was aborted.
[2017.06.27-06.14.50:867][599]LogModuleManager: Shutting down and abandoning module DirectoryWatcher (161)
[2017.06.27-06.14.50:867][599]LogModuleManager: Shutting down and abandoning module KismetCompiler (158)
[2017.06.27-06.14.50:867][599]LogModuleManager: Shutting down and abandoning module LevelSequence (156)
[2017.06.27-06.14.50:867][599]LogModuleManager: Shutting down and abandoning module PhysXFormats (154)
[2017.06.27-06.14.50:867][599]LogModuleManager: Shutting down and abandoning module MeshUtilities (152)
[2017.06.27-06.14.50:868][599]LogModuleManager: Shutting down and abandoning module SimplygonSwarm (151)
[2017.06.27-06.14.50:868][599]LogModuleManager: Shutting down and abandoning module SimplygonMeshReduction (149)
[2017.06.27-06.14.50:868][599]LogModuleManager: Shutting down and abandoning module QuadricMeshReduction (147)
[2017.06.27-06.14.50:868][599]LogModuleManager: Shutting down and abandoning module DerivedDataCache (144)
[2017.06.27-06.14.51:284][599]LogDerivedDataCache: Shutdown
[2017.06.27-06.14.51:284][599]LogModuleManager: Shutting down and abandoning module TargetPlatform (142)
[2017.06.27-06.14.51:284][599]LogModuleManager: Shutting down and abandoning module VulkanShaderFormat (141)
[2017.06.27-06.14.51:284][599]LogModuleManager: Shutting down and abandoning module ShaderFormatVectorVM (139)
[2017.06.27-06.14.51:284][599]LogModuleManager: Shutting down and abandoning module ShaderFormatOpenGL (137)
[2017.06.27-06.14.51:284][599]LogModuleManager: Shutting down and abandoning module ShaderFormatD3D (135)
[2017.06.27-06.14.51:284][599]LogModuleManager: Shutting down and abandoning module MetalShaderFormat (133)
[2017.06.27-06.14.51:284][599]LogModuleManager: Shutting down and abandoning module TextureFormatUncompressed (131)
[2017.06.27-06.14.51:284][599]LogModuleManager: Shutting down and abandoning module TextureFormatPVR (129)
[2017.06.27-06.14.51:284][599]LogModuleManager: Shutting down and abandoning module TextureFormatDXT (127)
[2017.06.27-06.14.51:284][599]LogModuleManager: Shutting down and abandoning module TextureFormatIntelISPCTexComp (125)
[2017.06.27-06.14.51:284][599]LogModuleManager: Shutting down and abandoning module TextureFormatASTC (123)
[2017.06.27-06.14.51:284][599]LogModuleManager: Shutting down and abandoning module ImageWrapper (122)
[2017.06.27-06.14.51:285][599]LogModuleManager: Shutting down and abandoning module TextureFormatAndroid (119)
[2017.06.27-06.14.51:285][599]LogModuleManager: Shutting down and abandoning module AudioFormatOpus (117)
[2017.06.27-06.14.51:285][599]LogModuleManager: Shutting down and abandoning module AudioFormatOgg (115)
[2017.06.27-06.14.51:285][599]LogModuleManager: Shutting down and abandoning module AudioFormatADPCM (113)
[2017.06.27-06.14.51:285][599]LogModuleManager: Shutting down and abandoning module LinuxTargetPlatform (111)
[2017.06.27-06.14.51:285][599]LogModuleManager: Shutting down and abandoning module LinuxServerTargetPlatform (109)
[2017.06.27-06.14.51:285][599]LogModuleManager: Shutting down and abandoning module LinuxNoEditorTargetPlatform (107)
[2017.06.27-06.14.51:285][599]LogModuleManager: Shutting down and abandoning module LinuxClientTargetPlatform (105)
[2017.06.27-06.14.51:285][599]LogModuleManager: Shutting down and abandoning module TVOSTargetPlatform (103)
[2017.06.27-06.14.51:285][599]LogModuleManager: Shutting down and abandoning module Messaging (101)
[2017.06.27-06.14.51:285][599]LogModuleManager: Shutting down and abandoning module IOSTargetPlatform (99)
[2017.06.27-06.14.51:285][599]LogModuleManager: Shutting down and abandoning module HTML5TargetPlatform (97)
[2017.06.27-06.14.51:285][599]LogModuleManager: Shutting down and abandoning module Android_PVRTCTargetPlatform (95)
[2017.06.27-06.14.51:285][599]LogModuleManager: Shutting down and abandoning module Android_MultiTargetPlatform (93)
[2017.06.27-06.14.51:285][599]LogModuleManager: Shutting down and abandoning module Android_ETC2TargetPlatform (91)
[2017.06.27-06.14.51:285][599]LogModuleManager: Shutting down and abandoning module Android_ETC1TargetPlatform (89)
[2017.06.27-06.14.51:285][599]LogModuleManager: Shutting down and abandoning module Android_DXTTargetPlatform (87)
[2017.06.27-06.14.51:285][599]LogModuleManager: Shutting down and abandoning module Android_ATCTargetPlatform (85)
[2017.06.27-06.14.51:285][599]LogModuleManager: Shutting down and abandoning module Android_ASTCTargetPlatform (83)
[2017.06.27-06.14.51:285][599]LogModuleManager: Shutting down and abandoning module AndroidTargetPlatform (81)
[2017.06.27-06.14.51:285][599]LogModuleManager: Shutting down and abandoning module WindowsTargetPlatform (79)
[2017.06.27-06.14.51:285][599]LogModuleManager: Shutting down and abandoning module WindowsServerTargetPlatform (77)
[2017.06.27-06.14.51:285][599]LogModuleManager: Shutting down and abandoning module WindowsNoEditorTargetPlatform (75)
[2017.06.27-06.14.51:285][599]LogModuleManager: Shutting down and abandoning module WindowsClientTargetPlatform (73)
[2017.06.27-06.14.51:285][599]LogModuleManager: Shutting down and abandoning module MacTargetPlatform (71)
[2017.06.27-06.14.51:285][599]LogModuleManager: Shutting down and abandoning module MacServerTargetPlatform (69)
[2017.06.27-06.14.51:285][599]LogModuleManager: Shutting down and abandoning module MacNoEditorTargetPlatform (67)
[2017.06.27-06.14.51:285][599]LogModuleManager: Shutting down and abandoning module MacClientTargetPlatform (65)
[2017.06.27-06.14.51:285][599]LogModuleManager: Shutting down and abandoning module AllDesktopTargetPlatform (63)
[2017.06.27-06.14.51:285][599]LogModuleManager: Shutting down and abandoning module InputCore (60)
[2017.06.27-06.14.51:285][599]LogModuleManager: Shutting down and abandoning module Settings (58)
[2017.06.27-06.14.51:285][599]LogModuleManager: Shutting down and abandoning module OculusRift (56)
[2017.06.27-06.14.51:285][599]LogModuleManager: Shutting down and abandoning module GearVRController (54)
[2017.06.27-06.14.51:285][599]LogModuleManager: Shutting down and abandoning module GearVR (52)
[2017.06.27-06.14.51:285][599]LogModuleManager: Shutting down and abandoning module ExampleDeviceProfileSelector (50)
[2017.06.27-06.14.51:285][599]LogModuleManager: Shutting down and abandoning module OnlineBlueprintSupport (48)
[2017.06.27-06.14.51:286][599]LogModuleManager: Shutting down and abandoning module OnlineSubsystem (44)
[2017.06.27-06.14.51:286][599]LogOnline:Display: Unloading online subsystem: NULL
[2017.06.27-06.14.51:286][599]LogModuleManager: Shutting down and abandoning module XMPP (43)
[2017.06.27-06.14.51:286][599]LogModuleManager: Shutting down and abandoning module HTTP (41)
[2017.06.27-06.14.51:286][599]LogHttp:Display: Http module shutting down, but needs to wait on 1 outstanding Http requests:
[2017.06.27-06.14.51:286][599]LogHttp:Display: 	verb=[POST] url=[https://datarouter.ol.epicgames.com/datarouter/api/v1/public/data?SessionID=%7B48EFF5B7-42D9-87DA-93BB-A990AF5EB90B%7D&AppID=UEEditor.Rocket.Release&AppVersion=4.16.1-3466753%2B%2B%2BUE4%2BRelease-4.16&UserID=b4e25eea4a0d6450fb924cbf2b84ec0c%7Cddaae3d7adad4251b47aebd4e1f1f19e%7Cc1bb1c04-1998-4d1c-9da9-f3fc45d89125&AppEnvironment=datacollector-binary&UploadType=eteventstream] status=Processing
[2017.06.27-06.14.51:315][599]LogModuleManager: Shutting down and abandoning module SSL (40)
[2017.06.27-06.14.51:319][599]LogModuleManager: Shutting down and abandoning module HTTPChunkInstaller (36)
[2017.06.27-06.14.51:319][599]LogModuleManager: Shutting down and abandoning module AnimationModifiers (34)
[2017.06.27-06.14.51:319][599]LogModuleManager: Shutting down and abandoning module PropertyEditor (33)
[2017.06.27-06.14.51:319][599]LogModuleManager: Shutting down and abandoning module AudioEditor (30)
[2017.06.27-06.14.51:319][599]LogModuleManager: Shutting down and abandoning module TextureCompressor (28)
[2017.06.27-06.14.51:320][599]LogModuleManager: Shutting down and abandoning module ShaderCore (26)
[2017.06.27-06.14.51:320][599]LogModuleManager: Shutting down and abandoning module Landscape (24)
[2017.06.27-06.14.51:320][599]LogModuleManager: Shutting down and abandoning module SlateRHIRenderer (22)
[2017.06.27-06.14.51:321][599]LogModuleManager: Shutting down and abandoning module OpenGLDrv (20)
[2017.06.27-06.14.51:321][599]LogModuleManager: Shutting down and abandoning module D3D11RHI (18)
[2017.06.27-06.14.51:321][599]LogModuleManager: Shutting down and abandoning module AnimGraphRuntime (16)
[2017.06.27-06.14.51:321][599]LogModuleManager: Shutting down and abandoning module Renderer (14)
[2017.06.27-06.14.51:321][599]LogModuleManager: Shutting down and abandoning module Engine (12)
[2017.06.27-06.14.51:321][599]LogModuleManager: Shutting down and abandoning module CoreUObject (10)
[2017.06.27-06.14.51:321][599]LogModuleManager: Shutting down and abandoning module NetworkFile (8)
[2017.06.27-06.14.51:322][599]LogModuleManager: Shutting down and abandoning module StreamingFile (6)
[2017.06.27-06.14.51:322][599]LogModuleManager: Shutting down and abandoning module SandboxFile (4)
[2017.06.27-06.14.51:322][599]LogModuleManager: Shutting down and abandoning module PakFile (2)
[2017.06.27-06.14.51:327][599]LogExit: Exiting.
[2017.06.27-06.14.51:382][599]Log file closed, 06/27/17 16:14:51
